This file contains any messages produced by compilers while
running configure, to aid debugging if configure makes a mistake.

It was created by ttrans configure 1.0, which was
generated by GNU Autoconf 2.69.  Invocation command line was

  $ ./configure --with-htslib=/homes/biertruck/thomas/Libraries/ --with-lemon=/homes/biertruck/thomas/Libraries/ --with-clp=/homes/biertruck/thomas/Libraries/ --no-create --no-recursion

## --------- ##
## Platform. ##
## --------- ##

hostname = vodka.bioinf.uni-leipzig.de
uname -m = x86_64
uname -r = 4.14.14-300.fc27.x86_64
uname -s = Linux
uname -v = #1 SMP Fri Jan 19 13:19:54 UTC 2018

/usr/bin/uname -p = x86_64
/bin/uname -X     = unknown

/bin/arch              = x86_64
/usr/bin/arch -k       = unknown
/usr/convex/getsysinfo = unknown
/usr/bin/hostinfo      = unknown
/bin/machine           = unknown
/usr/bin/oslevel       = unknown
/bin/universe          = unknown

PATH: /homes/biertruck/thomas/bin
PATH: /homes/biertruck/thomas/bin/bin
PATH: /homes/biertruck/thomas/work/testdata/raw/tools/flux-simulator-1.2.1/bin/
PATH: /homes/biertruck/thomas/bin/IGV_2.3.81/
PATH: /homes/biertruck/thomas/Installs/SpliceGrapher/bins/
PATH: /usr/local/bin
PATH: /usr/local/sbin
PATH: /usr/bin
PATH: /usr/sbin


## ----------- ##
## Core tests. ##
## ----------- ##

configure:2224: checking for a BSD-compatible install
configure:2292: result: /usr/bin/install -c
configure:2303: checking whether build environment is sane
configure:2358: result: yes
configure:2509: checking for a thread-safe mkdir -p
configure:2548: result: /usr/bin/mkdir -p
configure:2555: checking for gawk
configure:2571: found /usr/bin/gawk
configure:2582: result: gawk
configure:2593: checking whether make sets $(MAKE)
configure:2615: result: yes
configure:2644: checking whether make supports nested variables
configure:2661: result: yes
configure:2845: checking for g++
configure:2861: found /usr/bin/g++
configure:2872: result: g++
configure:2899: checking for C++ compiler version
configure:2908: g++ --version >&5
g++ (GCC) 7.3.1 20180303 (Red Hat 7.3.1-5)
Copyright (C) 2017 Free Software Foundation, Inc.
This is free software; see the source for copying conditions.  There is NO
warranty; not even for MERCHANTABILITY or FITNESS FOR A PARTICULAR PURPOSE.

configure:2919: $? = 0
configure:2908: g++ -v >&5
Using built-in specs.
COLLECT_GCC=g++
COLLECT_LTO_WRAPPER=/usr/libexec/gcc/x86_64-redhat-linux/7/lto-wrapper
OFFLOAD_TARGET_NAMES=nvptx-none
OFFLOAD_TARGET_DEFAULT=1
Target: x86_64-redhat-linux
Configured with: ../configure --enable-bootstrap --enable-languages=c,c++,objc,obj-c++,fortran,ada,go,lto --prefix=/usr --mandir=/usr/share/man --infodir=/usr/share/info --with-bugurl=http://bugzilla.redhat.com/bugzilla --enable-shared --enable-threads=posix --enable-checking=release --enable-multilib --with-system-zlib --enable-__cxa_atexit --disable-libunwind-exceptions --enable-gnu-unique-object --enable-linker-build-id --with-gcc-major-version-only --with-linker-hash-style=gnu --enable-plugin --enable-initfini-array --with-isl --enable-libmpx --enable-offload-targets=nvptx-none --without-cuda-driver --enable-gnu-indirect-function --with-tune=generic --with-arch_32=i686 --build=x86_64-redhat-linux
Thread model: posix
gcc version 7.3.1 20180303 (Red Hat 7.3.1-5) (GCC) 
configure:2919: $? = 0
configure:2908: g++ -V >&5
g++: error: unrecognized command line option '-V'
g++: fatal error: no input files
compilation terminated.
configure:2919: $? = 1
configure:2908: g++ -qversion >&5
g++: error: unrecognized command line option '-qversion'; did you mean '--version'?
g++: fatal error: no input files
compilation terminated.
configure:2919: $? = 1
configure:2939: checking whether the C++ compiler works
configure:2961: g++    conftest.cpp  >&5
configure:2965: $? = 0
configure:3013: result: yes
configure:3016: checking for C++ compiler default output file name
configure:3018: result: a.out
configure:3024: checking for suffix of executables
configure:3031: g++ -o conftest    conftest.cpp  >&5
configure:3035: $? = 0
configure:3057: result: 
configure:3079: checking whether we are cross compiling
configure:3087: g++ -o conftest    conftest.cpp  >&5
configure:3091: $? = 0
configure:3098: ./conftest
configure:3102: $? = 0
configure:3117: result: no
configure:3122: checking for suffix of object files
configure:3144: g++ -c   conftest.cpp >&5
configure:3148: $? = 0
configure:3169: result: o
configure:3173: checking whether we are using the GNU C++ compiler
configure:3192: g++ -c   conftest.cpp >&5
configure:3192: $? = 0
configure:3201: result: yes
configure:3210: checking whether g++ accepts -g
configure:3230: g++ -c -g  conftest.cpp >&5
configure:3230: $? = 0
configure:3271: result: yes
configure:3305: checking for style of include used by make
configure:3333: result: GNU
configure:3359: checking dependency style of g++
configure:3470: result: gcc3
configure:3502: checking how to run the C++ preprocessor
configure:3529: g++ -E  conftest.cpp
configure:3529: $? = 0
configure:3543: g++ -E  conftest.cpp
conftest.cpp:11:10: fatal error: ac_nonexistent.h: No such file or directory
 #include <ac_nonexistent.h>
          ^~~~~~~~~~~~~~~~~~
compilation terminated.
configure:3543: $? = 1
configure: failed program was:
| /* confdefs.h */
| #define PACKAGE_NAME "ttrans"
| #define PACKAGE_TARNAME "ttrans"
| #define PACKAGE_VERSION "1.0"
| #define PACKAGE_STRING "ttrans 1.0"
| #define PACKAGE_BUGREPORT ""
| #define PACKAGE_URL ""
| #define PACKAGE "ttrans"
| #define VERSION "1.0"
| /* end confdefs.h.  */
| #include <ac_nonexistent.h>
configure:3568: result: g++ -E
configure:3588: g++ -E  conftest.cpp
configure:3588: $? = 0
configure:3602: g++ -E  conftest.cpp
conftest.cpp:11:10: fatal error: ac_nonexistent.h: No such file or directory
 #include <ac_nonexistent.h>
          ^~~~~~~~~~~~~~~~~~
compilation terminated.
configure:3602: $? = 1
configure: failed program was:
| /* confdefs.h */
| #define PACKAGE_NAME "ttrans"
| #define PACKAGE_TARNAME "ttrans"
| #define PACKAGE_VERSION "1.0"
| #define PACKAGE_STRING "ttrans 1.0"
| #define PACKAGE_BUGREPORT ""
| #define PACKAGE_URL ""
| #define PACKAGE "ttrans"
| #define VERSION "1.0"
| /* end confdefs.h.  */
| #include <ac_nonexistent.h>
configure:3631: checking for grep that handles long lines and -e
configure:3689: result: /usr/bin/grep
configure:3694: checking for egrep
configure:3756: result: /usr/bin/grep -E
configure:3761: checking for ANSI C header files
configure:3781: g++ -c  -O2  conftest.cpp >&5
configure:3781: $? = 0
configure:3854: g++ -o conftest  -O2   conftest.cpp  >&5
configure:3854: $? = 0
configure:3854: ./conftest
configure:3854: $? = 0
configure:3865: result: yes
configure:3878: checking for sys/types.h
configure:3878: g++ -c  -O2  conftest.cpp >&5
configure:3878: $? = 0
configure:3878: result: yes
configure:3878: checking for sys/stat.h
configure:3878: g++ -c  -O2  conftest.cpp >&5
configure:3878: $? = 0
configure:3878: result: yes
configure:3878: checking for stdlib.h
configure:3878: g++ -c  -O2  conftest.cpp >&5
configure:3878: $? = 0
configure:3878: result: yes
configure:3878: checking for string.h
configure:3878: g++ -c  -O2  conftest.cpp >&5
configure:3878: $? = 0
configure:3878: result: yes
configure:3878: checking for memory.h
configure:3878: g++ -c  -O2  conftest.cpp >&5
configure:3878: $? = 0
configure:3878: result: yes
configure:3878: checking for strings.h
configure:3878: g++ -c  -O2  conftest.cpp >&5
configure:3878: $? = 0
configure:3878: result: yes
configure:3878: checking for inttypes.h
configure:3878: g++ -c  -O2  conftest.cpp >&5
configure:3878: $? = 0
configure:3878: result: yes
configure:3878: checking for stdint.h
configure:3878: g++ -c  -O2  conftest.cpp >&5
configure:3878: $? = 0
configure:3878: result: yes
configure:3878: checking for unistd.h
configure:3878: g++ -c  -O2  conftest.cpp >&5
configure:3878: $? = 0
configure:3878: result: yes
configure:3893: checking if zlib is wanted
configure:3913: result: yes
configure:3936: checking for inflate in -lz
configure:3961: g++ -o conftest  -O2  -I/usr/include  -L/usr/lib -Wl,-rpath,/usr/lib/ conftest.cpp -lz   >&5
/usr/bin/ld: skipping incompatible /usr/lib/libz.so when searching for -lz
configure:3961: $? = 0
configure:3970: result: yes
configure:3978: checking zlib.h usability
configure:3978: g++ -c  -O2  -I/usr/include conftest.cpp >&5
configure:3978: $? = 0
configure:3978: result: yes
configure:3978: checking zlib.h presence
configure:3978: g++ -E  -I/usr/include conftest.cpp
configure:3978: $? = 0
configure:3978: result: yes
configure:3978: checking for zlib.h
configure:3978: result: yes
configure:3992: checking for inflateEnd in -lz
configure:4017: g++ -o conftest  -O2  -I/usr/include  -L/usr/lib -Wl,-rpath,/usr/lib/ conftest.cpp -lz   >&5
/usr/bin/ld: skipping incompatible /usr/lib/libz.so when searching for -lz
configure:4017: $? = 0
configure:4026: result: yes
configure:4037: checking zlib in /usr
configure:4039: result: ok
configure:4063: checking if HTS is wanted
configure:4069: result: yes
configure:4109: checking sam.h usability
configure:4109: g++ -c  -O2  -I/usr/include -I/homes/biertruck/thomas/Libraries//include/htslib/ conftest.cpp >&5
configure:4109: $? = 0
configure:4109: result: yes
configure:4109: checking sam.h presence
configure:4109: g++ -E  -I/usr/include -I/homes/biertruck/thomas/Libraries//include/htslib/ conftest.cpp
configure:4109: $? = 0
configure:4109: result: yes
configure:4109: checking for sam.h
configure:4109: result: yes
configure:4117: checking for hts_open in -lhts
configure:4142: g++ -o conftest  -O2  -I/usr/include -I/homes/biertruck/thomas/Libraries//include/htslib/  -L/usr/lib -Wl,-rpath,/usr/lib/ -L/homes/biertruck/thomas/Libraries//lib/ -Wl,-rpath,/homes/biertruck/thomas/Libraries//lib/ -lhts -lm -lpthread conftest.cpp -lhts  -lz  >&5
/usr/bin/ld: skipping incompatible /usr/lib/libz.so when searching for -lz
configure:4142: $? = 0
configure:4151: result: yes
configure:4168: checking htslib
configure:4170: result: ok
configure:4200: checking for g++ option to support OpenMP
configure:4215: g++ -o conftest  -O2  -L/usr/lib -Wl,-rpath,/usr/lib/  -L/usr/lib -Wl,-rpath,/usr/lib/ conftest.cpp -lz  >&5
conftest.cpp:24:2: error: 'choke' does not name a type
  choke me
  ^~~~~
In file included from conftest.cpp:26:0:
/usr/lib/gcc/x86_64-redhat-linux/7/include/omp.h:39:3: error: 'omp_lock_t' does not name a type
 } omp_lock_t;
   ^~~~~~~~~~
/usr/lib/gcc/x86_64-redhat-linux/7/include/omp.h:95:28: error: variable or field 'omp_init_lock' declared void
 extern void omp_init_lock (omp_lock_t *) __GOMP_NOTHROW;
                            ^~~~~~~~~~
/usr/lib/gcc/x86_64-redhat-linux/7/include/omp.h:95:28: error: 'omp_lock_t' was not declared in this scope
/usr/lib/gcc/x86_64-redhat-linux/7/include/omp.h:95:28: note: suggested alternative: 'omp_lock_hint_t'
 extern void omp_init_lock (omp_lock_t *) __GOMP_NOTHROW;
                            ^~~~~~~~~~
                            omp_lock_hint_t
/usr/lib/gcc/x86_64-redhat-linux/7/include/omp.h:95:40: error: expected primary-expression before ')' token
 extern void omp_init_lock (omp_lock_t *) __GOMP_NOTHROW;
                                        ^
/usr/lib/gcc/x86_64-redhat-linux/7/include/omp.h:96:38: error: variable or field 'omp_init_lock_with_hint' declared void
 extern void omp_init_lock_with_hint (omp_lock_t *, omp_lock_hint_t)
                                      ^~~~~~~~~~
/usr/lib/gcc/x86_64-redhat-linux/7/include/omp.h:96:38: error: 'omp_lock_t' was not declared in this scope
/usr/lib/gcc/x86_64-redhat-linux/7/include/omp.h:96:38: note: suggested alternative: 'omp_lock_hint_t'
 extern void omp_init_lock_with_hint (omp_lock_t *, omp_lock_hint_t)
                                      ^~~~~~~~~~
                                      omp_lock_hint_t
/usr/lib/gcc/x86_64-redhat-linux/7/include/omp.h:96:50: error: expected primary-expression before ',' token
 extern void omp_init_lock_with_hint (omp_lock_t *, omp_lock_hint_t)
                                                  ^
/usr/lib/gcc/x86_64-redhat-linux/7/include/omp.h:96:67: error: expected primary-expression before ')' token
 extern void omp_init_lock_with_hint (omp_lock_t *, omp_lock_hint_t)
                                                                   ^
/usr/lib/gcc/x86_64-redhat-linux/7/include/omp.h:98:31: error: variable or field 'omp_destroy_lock' declared void
 extern void omp_destroy_lock (omp_lock_t *) __GOMP_NOTHROW;
                               ^~~~~~~~~~
/usr/lib/gcc/x86_64-redhat-linux/7/include/omp.h:98:31: error: 'omp_lock_t' was not declared in this scope
/usr/lib/gcc/x86_64-redhat-linux/7/include/omp.h:98:31: note: suggested alternative: 'omp_lock_hint_t'
 extern void omp_destroy_lock (omp_lock_t *) __GOMP_NOTHROW;
                               ^~~~~~~~~~
                               omp_lock_hint_t
/usr/lib/gcc/x86_64-redhat-linux/7/include/omp.h:98:43: error: expected primary-expression before ')' token
 extern void omp_destroy_lock (omp_lock_t *) __GOMP_NOTHROW;
                                           ^
/usr/lib/gcc/x86_64-redhat-linux/7/include/omp.h:99:27: error: variable or field 'omp_set_lock' declared void
 extern void omp_set_lock (omp_lock_t *) __GOMP_NOTHROW;
                           ^~~~~~~~~~
/usr/lib/gcc/x86_64-redhat-linux/7/include/omp.h:99:27: error: 'omp_lock_t' was not declared in this scope
/usr/lib/gcc/x86_64-redhat-linux/7/include/omp.h:99:27: note: suggested alternative: 'omp_lock_hint_t'
 extern void omp_set_lock (omp_lock_t *) __GOMP_NOTHROW;
                           ^~~~~~~~~~
                           omp_lock_hint_t
/usr/lib/gcc/x86_64-redhat-linux/7/include/omp.h:99:39: error: expected primary-expression before ')' token
 extern void omp_set_lock (omp_lock_t *) __GOMP_NOTHROW;
                                       ^
/usr/lib/gcc/x86_64-redhat-linux/7/include/omp.h:100:29: error: variable or field 'omp_unset_lock' declared void
 extern void omp_unset_lock (omp_lock_t *) __GOMP_NOTHROW;
                             ^~~~~~~~~~
/usr/lib/gcc/x86_64-redhat-linux/7/include/omp.h:100:29: error: 'omp_lock_t' was not declared in this scope
/usr/lib/gcc/x86_64-redhat-linux/7/include/omp.h:100:29: note: suggested alternative: 'omp_lock_hint_t'
 extern void omp_unset_lock (omp_lock_t *) __GOMP_NOTHROW;
                             ^~~~~~~~~~
                             omp_lock_hint_t
/usr/lib/gcc/x86_64-redhat-linux/7/include/omp.h:100:41: error: expected primary-expression before ')' token
 extern void omp_unset_lock (omp_lock_t *) __GOMP_NOTHROW;
                                         ^
/usr/lib/gcc/x86_64-redhat-linux/7/include/omp.h:101:27: error: 'omp_lock_t' was not declared in this scope
 extern int omp_test_lock (omp_lock_t *) __GOMP_NOTHROW;
                           ^~~~~~~~~~
/usr/lib/gcc/x86_64-redhat-linux/7/include/omp.h:101:27: note: suggested alternative: 'omp_lock_hint_t'
 extern int omp_test_lock (omp_lock_t *) __GOMP_NOTHROW;
                           ^~~~~~~~~~
                           omp_lock_hint_t
/usr/lib/gcc/x86_64-redhat-linux/7/include/omp.h:101:39: error: expected primary-expression before ')' token
 extern int omp_test_lock (omp_lock_t *) __GOMP_NOTHROW;
                                       ^
configure:4215: $? = 1
configure: failed program was:
| /* confdefs.h */
| #define PACKAGE_NAME "ttrans"
| #define PACKAGE_TARNAME "ttrans"
| #define PACKAGE_VERSION "1.0"
| #define PACKAGE_STRING "ttrans 1.0"
| #define PACKAGE_BUGREPORT ""
| #define PACKAGE_URL ""
| #define PACKAGE "ttrans"
| #define VERSION "1.0"
| #define STDC_HEADERS 1
| #define HAVE_SYS_TYPES_H 1
| #define HAVE_SYS_STAT_H 1
| #define HAVE_STDLIB_H 1
| #define HAVE_STRING_H 1
| #define HAVE_MEMORY_H 1
| #define HAVE_STRINGS_H 1
| #define HAVE_INTTYPES_H 1
| #define HAVE_STDINT_H 1
| #define HAVE_UNISTD_H 1
| #define HAVE_LIBZ 1
| /* end confdefs.h.  */
| 
| #ifndef _OPENMP
|  choke me
| #endif
| #include <omp.h>
| int main () { return omp_get_num_threads (); }
| 
configure:4233: g++ -o conftest  -O2 -fopenmp  -L/usr/lib -Wl,-rpath,/usr/lib/  -L/usr/lib -Wl,-rpath,/usr/lib/ conftest.cpp -lz  >&5
/usr/bin/ld: skipping incompatible /usr/lib/libz.so when searching for -lz
/usr/bin/ld: skipping incompatible /usr/lib/libz.so when searching for -lz
configure:4233: $? = 0
configure:4247: result: -fopenmp
configure:4264: checking build system type
configure:4278: result: x86_64-unknown-linux-gnu
configure:4298: checking host system type
configure:4311: result: x86_64-unknown-linux-gnu
configure:4379: checking for boostlib >= 1.3
configure:4462: g++ -c  -O2  -L/usr/lib -Wl,-rpath,/usr/lib/ -I/usr/include conftest.cpp >&5
configure:4462: $? = 0
configure:4464: result: yes
configure:4670: checking for gcc
configure:4686: found /usr/bin/gcc
configure:4697: result: gcc
configure:4926: checking for C compiler version
configure:4935: gcc --version >&5
gcc (GCC) 7.3.1 20180303 (Red Hat 7.3.1-5)
Copyright (C) 2017 Free Software Foundation, Inc.
This is free software; see the source for copying conditions.  There is NO
warranty; not even for MERCHANTABILITY or FITNESS FOR A PARTICULAR PURPOSE.

configure:4946: $? = 0
configure:4935: gcc -v >&5
Using built-in specs.
COLLECT_GCC=gcc
COLLECT_LTO_WRAPPER=/usr/libexec/gcc/x86_64-redhat-linux/7/lto-wrapper
OFFLOAD_TARGET_NAMES=nvptx-none
OFFLOAD_TARGET_DEFAULT=1
Target: x86_64-redhat-linux
Configured with: ../configure --enable-bootstrap --enable-languages=c,c++,objc,obj-c++,fortran,ada,go,lto --prefix=/usr --mandir=/usr/share/man --infodir=/usr/share/info --with-bugurl=http://bugzilla.redhat.com/bugzilla --enable-shared --enable-threads=posix --enable-checking=release --enable-multilib --with-system-zlib --enable-__cxa_atexit --disable-libunwind-exceptions --enable-gnu-unique-object --enable-linker-build-id --with-gcc-major-version-only --with-linker-hash-style=gnu --enable-plugin --enable-initfini-array --with-isl --enable-libmpx --enable-offload-targets=nvptx-none --without-cuda-driver --enable-gnu-indirect-function --with-tune=generic --with-arch_32=i686 --build=x86_64-redhat-linux
Thread model: posix
gcc version 7.3.1 20180303 (Red Hat 7.3.1-5) (GCC) 
configure:4946: $? = 0
configure:4935: gcc -V >&5
gcc: error: unrecognized command line option '-V'
gcc: fatal error: no input files
compilation terminated.
configure:4946: $? = 1
configure:4935: gcc -qversion >&5
gcc: error: unrecognized command line option '-qversion'; did you mean '--version'?
gcc: fatal error: no input files
compilation terminated.
configure:4946: $? = 1
configure:4950: checking whether we are using the GNU C compiler
configure:4969: gcc -c   -L/usr/lib -Wl,-rpath,/usr/lib/ conftest.c >&5
configure:4969: $? = 0
configure:4978: result: yes
configure:4987: checking whether gcc accepts -g
configure:5007: gcc -c -g  -L/usr/lib -Wl,-rpath,/usr/lib/ conftest.c >&5
configure:5007: $? = 0
configure:5048: result: yes
configure:5065: checking for gcc option to accept ISO C89
configure:5128: gcc  -c -g -O2  -L/usr/lib -Wl,-rpath,/usr/lib/ conftest.c >&5
configure:5128: $? = 0
configure:5141: result: none needed
configure:5166: checking whether gcc understands -c and -o together
configure:5188: gcc -c conftest.c -o conftest2.o
configure:5191: $? = 0
configure:5188: gcc -c conftest.c -o conftest2.o
configure:5191: $? = 0
configure:5203: result: yes
configure:5222: checking dependency style of gcc
configure:5333: result: gcc3
configure:5378: checking whether the Boost::Program_Options library is available
configure:5402: g++ -c  -O2  -L/usr/lib -Wl,-rpath,/usr/lib/ -I/usr/include conftest.cpp >&5
configure:5402: $? = 0
configure:5416: result: yes
configure:5427: checking for exit in -lboost_program_options
configure:5452: g++ -o conftest  -O2  -L/usr/lib -Wl,-rpath,/usr/lib/ -I/usr/include  -L/usr/lib -Wl,-rpath,/usr/lib/ -L/usr/lib64 conftest.cpp -lboost_program_options  -lz  >&5
conftest.cpp:31:6: warning: declaration of 'char exit()' conflicts with built-in declaration 'void exit(int)' [-Wbuiltin-declaration-mismatch]
 char exit ();
      ^~~~
/usr/bin/ld: skipping incompatible /usr/lib/libz.so when searching for -lz
/usr/bin/ld: skipping incompatible /usr/lib/libz.so when searching for -lz
configure:5452: $? = 0
configure:5462: result: yes
configure:5578: checking if lemon is wanted
configure:5584: result: yes
configure:5635: checking lemon
configure:5637: result: ok
configure:5659: checking if clp is wanted
configure:5665: result: yes
configure:5716: checking clp
configure:5718: result: ok
configure:5737: checking whether C++ compiler accepts -std=c++0x
configure:5756: g++ -c  -O2  -std=c++0x  -L/usr/lib -Wl,-rpath,/usr/lib/ conftest.cpp >&5
configure:5756: $? = 0
configure:5764: result: yes
configure:5920: checking that generated files are newer than configure
configure:5926: result: done
configure:5953: creating ./config.status

## ---------------- ##
## Cache variables. ##
## ---------------- ##

ac_cv_build=x86_64-unknown-linux-gnu
ac_cv_c_compiler_gnu=yes
ac_cv_cxx_compiler_gnu=yes
ac_cv_env_CCC_set=
ac_cv_env_CCC_value=
ac_cv_env_CC_set=
ac_cv_env_CC_value=
ac_cv_env_CFLAGS_set=
ac_cv_env_CFLAGS_value=
ac_cv_env_CPPFLAGS_set=
ac_cv_env_CPPFLAGS_value=
ac_cv_env_CXXCPP_set=
ac_cv_env_CXXCPP_value=
ac_cv_env_CXXFLAGS_set=
ac_cv_env_CXXFLAGS_value=
ac_cv_env_CXX_set=
ac_cv_env_CXX_value=
ac_cv_env_LDFLAGS_set=
ac_cv_env_LDFLAGS_value=
ac_cv_env_LIBS_set=
ac_cv_env_LIBS_value=
ac_cv_env_build_alias_set=
ac_cv_env_build_alias_value=
ac_cv_env_host_alias_set=
ac_cv_env_host_alias_value=
ac_cv_env_target_alias_set=
ac_cv_env_target_alias_value=
ac_cv_header_inttypes_h=yes
ac_cv_header_memory_h=yes
ac_cv_header_sam_h=yes
ac_cv_header_stdc=yes
ac_cv_header_stdint_h=yes
ac_cv_header_stdlib_h=yes
ac_cv_header_string_h=yes
ac_cv_header_strings_h=yes
ac_cv_header_sys_stat_h=yes
ac_cv_header_sys_types_h=yes
ac_cv_header_unistd_h=yes
ac_cv_header_zlib_h=yes
ac_cv_host=x86_64-unknown-linux-gnu
ac_cv_lib_boost_program_options___exit=yes
ac_cv_lib_hts_hts_open=yes
ac_cv_lib_z_inflate=yes
ac_cv_lib_z_inflateEnd=yes
ac_cv_libhts=yes
ac_cv_objext=o
ac_cv_path_EGREP='/usr/bin/grep -E'
ac_cv_path_GREP=/usr/bin/grep
ac_cv_path_install='/usr/bin/install -c'
ac_cv_path_mkdir=/usr/bin/mkdir
ac_cv_prog_AWK=gawk
ac_cv_prog_CXXCPP='g++ -E'
ac_cv_prog_ac_ct_CC=gcc
ac_cv_prog_ac_ct_CXX=g++
ac_cv_prog_cc_c89=
ac_cv_prog_cc_g=yes
ac_cv_prog_cxx_g=yes
ac_cv_prog_cxx_openmp=-fopenmp
ac_cv_prog_make_make_set=yes
ac_cv_sam_h=yes
am_cv_CC_dependencies_compiler_type=gcc3
am_cv_CXX_dependencies_compiler_type=gcc3
am_cv_make_support_nested_variables=yes
am_cv_prog_cc_c_o=yes
ax_cv_boost_program_options=yes
ax_cv_check_cxxflags___std_cpp0x=yes
zlib_cv_libz=yes
zlib_cv_zlib_h=yes

## ----------------- ##
## Output variables. ##
## ----------------- ##

ACLOCAL='${SHELL} /homes/biertruck/thomas/work/transcript_tool/missing aclocal-1.15'
AMDEPBACKSLASH='\'
AMDEP_FALSE='#'
AMDEP_TRUE=''
AMTAR='$${TAR-tar}'
AM_BACKSLASH='\'
AM_DEFAULT_V='$(AM_DEFAULT_VERBOSITY)'
AM_DEFAULT_VERBOSITY='1'
AM_V='$(V)'
AUTOCONF='${SHELL} /homes/biertruck/thomas/work/transcript_tool/missing autoconf'
AUTOHEADER='${SHELL} /homes/biertruck/thomas/work/transcript_tool/missing autoheader'
AUTOMAKE='${SHELL} /homes/biertruck/thomas/work/transcript_tool/missing automake-1.15'
AWK='gawk'
BOOST_CPPFLAGS='-I/usr/include'
BOOST_LDFLAGS='-L/usr/lib64 -Wl,-rpath,/usr/lib64'
BOOST_PROGRAM_OPTIONS_LIB='-lboost_program_options'
CC='gcc'
CCDEPMODE='depmode=gcc3'
CFLAGS='-g -O2'
CLP_CPPFLAGS='-I/homes/biertruck/thomas/Libraries//include/'
CLP_LDFLAGS='-L/homes/biertruck/thomas/Libraries//lib/ -Wl,-rpath,/homes/biertruck/thomas/Libraries//lib/'
CLP_LIBS='-lClp -lCoinUtils'
CPPFLAGS=' -L/usr/lib -Wl,-rpath,/usr/lib/'
CXX='g++'
CXXCPP='g++ -E'
CXXDEPMODE='depmode=gcc3'
CXXFLAGS=' -O2 -std=c++0x'
CYGPATH_W='echo'
DEFS='-DPACKAGE_NAME=\"ttrans\" -DPACKAGE_TARNAME=\"ttrans\" -DPACKAGE_VERSION=\"1.0\" -DPACKAGE_STRING=\"ttrans\ 1.0\" -DPACKAGE_BUGREPORT=\"\" -DPACKAGE_URL=\"\" -DPACKAGE=\"ttrans\" -DVERSION=\"1.0\" -DSTDC_HEADERS=1 -DHAVE_SYS_TYPES_H=1 -DHAVE_SYS_STAT_H=1 -DHAVE_STDLIB_H=1 -DHAVE_STRING_H=1 -DHAVE_MEMORY_H=1 -DHAVE_STRINGS_H=1 -DHAVE_INTTYPES_H=1 -DHAVE_STDINT_H=1 -DHAVE_UNISTD_H=1 -DHAVE_LIBZ=1 -DHAVE_BOOST=/\*\*/ -DHAVE_BOOST_PROGRAM_OPTIONS=/\*\*/'
DEPDIR='.deps'
ECHO_C=''
ECHO_N='-n'
ECHO_T=''
EGREP='/usr/bin/grep -E'
EXEEXT=''
GREP='/usr/bin/grep'
HTS_CPPFLAGS='-I/homes/biertruck/thomas/Libraries//include/htslib/'
HTS_LDFLAGS='-L/homes/biertruck/thomas/Libraries//lib/ -Wl,-rpath,/homes/biertruck/thomas/Libraries//lib/'
HTS_LIBS='-lhts -lm -lpthread'
INSTALL_DATA='${INSTALL} -m 644'
INSTALL_PROGRAM='${INSTALL}'
INSTALL_SCRIPT='${INSTALL}'
INSTALL_STRIP_PROGRAM='$(install_sh) -c -s'
LDFLAGS=' -L/usr/lib -Wl,-rpath,/usr/lib/'
LEMON_CPPFLAGS='-I/homes/biertruck/thomas/Libraries//include/'
LEMON_LDFLAGS='-L/homes/biertruck/thomas/Libraries//lib/ -Wl,-rpath,/homes/biertruck/thomas/Libraries//lib/'
LEMON_LIBS='-lemon'
LIBOBJS=''
LIBS='-lz '
LTLIBOBJS=''
MAKEINFO='${SHELL} /homes/biertruck/thomas/work/transcript_tool/missing makeinfo'
MKDIR_P='/usr/bin/mkdir -p'
OBJEXT='o'
OPENMP_CXXFLAGS='-fopenmp'
PACKAGE='ttrans'
PACKAGE_BUGREPORT=''
PACKAGE_NAME='ttrans'
PACKAGE_STRING='ttrans 1.0'
PACKAGE_TARNAME='ttrans'
PACKAGE_URL=''
PACKAGE_VERSION='1.0'
PATH_SEPARATOR=':'
SET_MAKE=''
SHELL='/bin/sh'
STRIP=''
VERSION='1.0'
ZLIB='-lz'
ac_ct_CC='gcc'
ac_ct_CXX='g++'
am__EXEEXT_FALSE=''
am__EXEEXT_TRUE='#'
am__fastdepCC_FALSE='#'
am__fastdepCC_TRUE=''
am__fastdepCXX_FALSE='#'
am__fastdepCXX_TRUE=''
am__include='include'
am__isrc=''
am__leading_dot='.'
am__nodep='_no'
am__quote=''
am__tar='$${TAR-tar} chof - "$$tardir"'
am__untar='$${TAR-tar} xf -'
bindir='${exec_prefix}/bin'
build='x86_64-unknown-linux-gnu'
build_alias=''
build_cpu='x86_64'
build_os='linux-gnu'
build_vendor='unknown'
datadir='${datarootdir}'
datarootdir='${prefix}/share'
docdir='${datarootdir}/doc/${PACKAGE_TARNAME}'
dvidir='${docdir}'
exec_prefix='${prefix}'
host='x86_64-unknown-linux-gnu'
host_alias=''
host_cpu='x86_64'
host_os='linux-gnu'
host_vendor='unknown'
htmldir='${docdir}'
includedir='${prefix}/include'
infodir='${datarootdir}/info'
install_sh='${SHELL} /homes/biertruck/thomas/work/transcript_tool/install-sh'
libdir='${exec_prefix}/lib'
libexecdir='${exec_prefix}/libexec'
localedir='${datarootdir}/locale'
localstatedir='${prefix}/var'
mandir='${datarootdir}/man'
mkdir_p='$(MKDIR_P)'
oldincludedir='/usr/include'
pdfdir='${docdir}'
prefix='/usr/local'
program_transform_name='s,x,x,'
psdir='${docdir}'
sbindir='${exec_prefix}/sbin'
sharedstatedir='${prefix}/com'
sysconfdir='${prefix}/etc'
target_alias=''

## ----------- ##
## confdefs.h. ##
## ----------- ##

/* confdefs.h */
#define PACKAGE_NAME "ttrans"
#define PACKAGE_TARNAME "ttrans"
#define PACKAGE_VERSION "1.0"
#define PACKAGE_STRING "ttrans 1.0"
#define PACKAGE_BUGREPORT ""
#define PACKAGE_URL ""
#define PACKAGE "ttrans"
#define VERSION "1.0"
#define STDC_HEADERS 1
#define HAVE_SYS_TYPES_H 1
#define HAVE_SYS_STAT_H 1
#define HAVE_STDLIB_H 1
#define HAVE_STRING_H 1
#define HAVE_MEMORY_H 1
#define HAVE_STRINGS_H 1
#define HAVE_INTTYPES_H 1
#define HAVE_STDINT_H 1
#define HAVE_UNISTD_H 1
#define HAVE_LIBZ 1
#define HAVE_BOOST /**/
#define HAVE_BOOST_PROGRAM_OPTIONS /**/

configure: exit 0

## ---------------------- ##
## Running config.status. ##
## ---------------------- ##

This file was extended by ttrans config.status 1.0, which was
generated by GNU Autoconf 2.69.  Invocation command line was

  CONFIG_FILES    = 
  CONFIG_HEADERS  = 
  CONFIG_LINKS    = 
  CONFIG_COMMANDS = 
  $ ./config.status 

on vodka.bioinf.uni-leipzig.de

config.status:806: creating Makefile
config.status:806: creating src/Makefile
config.status:978: executing depfiles commands
